Reading netlist file: "F:\fpga_last_test\xitongtiaoshi\yuyin\impl\gwsynthesis\yuyin.vg"
Parsing netlist file "F:\fpga_last_test\xitongtiaoshi\yuyin\impl\gwsynthesis\yuyin.vg" completed
Processing netlist completed
Physical Constraint parsed completed
Running placement......
[10%] Placement Phase 0 completed
[20%] Placement Phase 1 completed
[30%] Placement Phase 2 completed
[50%] Placement Phase 3 completed
Running routing......
[60%] Routing Phase 0 completed
[70%] Routing Phase 1 completed
[80%] Routing Phase 2 completed
[90%] Routing Phase 3 completed
Placement and routing completed
Running timing analysis......
[95%] Timing analysis completed
Bitstream generation in progress......
Bitstream generation completed
Running power analysis......
[100%] Power analysis completed
Generate file "F:\fpga_last_test\xitongtiaoshi\yuyin\impl\pnr\yuyin.power.html" completed
Generate file "F:\fpga_last_test\xitongtiaoshi\yuyin\impl\pnr\yuyin.pin.html" completed
Generate file "F:\fpga_last_test\xitongtiaoshi\yuyin\impl\pnr\yuyin.rpt.html" completed
Generate file "F:\fpga_last_test\xitongtiaoshi\yuyin\impl\pnr\yuyin.rpt.txt" completed
Generate file "F:\fpga_last_test\xitongtiaoshi\yuyin\impl\pnr\yuyin.vo" completed
Generate file "F:\fpga_last_test\xitongtiaoshi\yuyin\impl\pnr\yuyin.tr.html" completed
Generate file "F:\fpga_last_test\xitongtiaoshi\yuyin\impl\pnr\yuyin.posp" completed
Sun Nov 29 22:56:17 2020

