GowinSynthesis start
Running parser ...
Analyzing Verilog file 'F:\fpga_last_test\xitongtiaoshi\yuyin\src\gowin_picorv32\gowin_picorv32.v'
Analyzing Verilog file 'F:\fpga_last_test\xitongtiaoshi\yuyin\src\smbus906.v'
Analyzing Verilog file 'F:\fpga_last_test\xitongtiaoshi\yuyin\src\top.v'
Analyzing Verilog file 'F:\fpga_last_test\xitongtiaoshi\yuyin\src\us015.v'
Analyzing Verilog file 'F:\fpga_last_test\xitongtiaoshi\yuyin\src\wbrgb.v'
Analyzing Verilog file 'F:\fpga_last_test\xitongtiaoshi\yuyin\src\yuyin.v'
WARN  (EX3073) : Port 'ser_tx' remains unconnected for this instance("F:\fpga_last_test\xitongtiaoshi\yuyin\src\top.v":116)
WARN  (EX2565) : Port 'ser_rx' is not connected on this instance("F:\fpga_last_test\xitongtiaoshi\yuyin\src\top.v":116)
WARN  (EX3073) : Port 'cnt_echo1' remains unconnected for this instance("F:\fpga_last_test\xitongtiaoshi\yuyin\src\top.v":154)
WARN  (EX3073) : Port 'cnt_echo1' remains unconnected for this instance("F:\fpga_last_test\xitongtiaoshi\yuyin\src\top.v":199)
Compiling module 'top'("F:\fpga_last_test\xitongtiaoshi\yuyin\src\top.v":1)
Compiling module 'Gowin_PicoRV32_Top'("F:\fpga_last_test\xitongtiaoshi\yuyin\src\gowin_picorv32\gowin_picorv32.v":36751)
Compiling module '**'("F:\fpga_last_test\xitongtiaoshi\yuyin\src\gowin_picorv32\gowin_picorv32.v":0)
Compiling module '**'("F:\fpga_last_test\xitongtiaoshi\yuyin\src\gowin_picorv32\gowin_picorv32.v":0)
Compiling module '**'("F:\fpga_last_test\xitongtiaoshi\yuyin\src\gowin_picorv32\gowin_picorv32.v":0)
Compiling module '**'("F:\fpga_last_test\xitongtiaoshi\yuyin\src\gowin_picorv32\gowin_picorv32.v":0)
Compiling module '**'("F:\fpga_last_test\xitongtiaoshi\yuyin\src\gowin_picorv32\gowin_picorv32.v":0)
Compiling module '**'("F:\fpga_last_test\xitongtiaoshi\yuyin\src\gowin_picorv32\gowin_picorv32.v":0)
Compiling module '**'("F:\fpga_last_test\xitongtiaoshi\yuyin\src\gowin_picorv32\gowin_picorv32.v":0)
Compiling module '**'("F:\fpga_last_test\xitongtiaoshi\yuyin\src\gowin_picorv32\gowin_picorv32.v":0)
Compiling module '**'("F:\fpga_last_test\xitongtiaoshi\yuyin\src\gowin_picorv32\gowin_picorv32.v":0)
Compiling module '**'("F:\fpga_last_test\xitongtiaoshi\yuyin\src\gowin_picorv32\gowin_picorv32.v":0)
Compiling module '**'("F:\fpga_last_test\xitongtiaoshi\yuyin\src\gowin_picorv32\gowin_picorv32.v":0)
Compiling module '**'("F:\fpga_last_test\xitongtiaoshi\yuyin\src\gowin_picorv32\gowin_picorv32.v":0)
Compiling module '**'("F:\fpga_last_test\xitongtiaoshi\yuyin\src\gowin_picorv32\gowin_picorv32.v":0)
Compiling module '**'("F:\fpga_last_test\xitongtiaoshi\yuyin\src\gowin_picorv32\gowin_picorv32.v":0)
Compiling module '**'("F:\fpga_last_test\xitongtiaoshi\yuyin\src\gowin_picorv32\gowin_picorv32.v":0)
Compiling module '**'("F:\fpga_last_test\xitongtiaoshi\yuyin\src\gowin_picorv32\gowin_picorv32.v":0)
Compiling module '**'("F:\fpga_last_test\xitongtiaoshi\yuyin\src\gowin_picorv32\gowin_picorv32.v":0)
Compiling module '**'("F:\fpga_last_test\xitongtiaoshi\yuyin\src\gowin_picorv32\gowin_picorv32.v":0)
Compiling module '**'("F:\fpga_last_test\xitongtiaoshi\yuyin\src\gowin_picorv32\gowin_picorv32.v":0)
Compiling module '**'("F:\fpga_last_test\xitongtiaoshi\yuyin\src\gowin_picorv32\gowin_picorv32.v":0)
Compiling module '**'("F:\fpga_last_test\xitongtiaoshi\yuyin\src\gowin_picorv32\gowin_picorv32.v":0)
Compiling module '**'("F:\fpga_last_test\xitongtiaoshi\yuyin\src\gowin_picorv32\gowin_picorv32.v":0)
Compiling module '**'("F:\fpga_last_test\xitongtiaoshi\yuyin\src\gowin_picorv32\gowin_picorv32.v":0)
Compiling module '**'("F:\fpga_last_test\xitongtiaoshi\yuyin\src\gowin_picorv32\gowin_picorv32.v":0)
Compiling module '**'("F:\fpga_last_test\xitongtiaoshi\yuyin\src\gowin_picorv32\gowin_picorv32.v":0)
Compiling module '**'("F:\fpga_last_test\xitongtiaoshi\yuyin\src\gowin_picorv32\gowin_picorv32.v":0)
Compiling module '**'("F:\fpga_last_test\xitongtiaoshi\yuyin\src\gowin_picorv32\gowin_picorv32.v":0)
Compiling module '**'("F:\fpga_last_test\xitongtiaoshi\yuyin\src\gowin_picorv32\gowin_picorv32.v":0)
Compiling module '**'("F:\fpga_last_test\xitongtiaoshi\yuyin\src\gowin_picorv32\gowin_picorv32.v":0)
Compiling module '**'("F:\fpga_last_test\xitongtiaoshi\yuyin\src\gowin_picorv32\gowin_picorv32.v":0)
Compiling module '**'("F:\fpga_last_test\xitongtiaoshi\yuyin\src\gowin_picorv32\gowin_picorv32.v":0)
Compiling module '**'("F:\fpga_last_test\xitongtiaoshi\yuyin\src\gowin_picorv32\gowin_picorv32.v":0)
Compiling module '**'("F:\fpga_last_test\xitongtiaoshi\yuyin\src\gowin_picorv32\gowin_picorv32.v":0)
Compiling module '**'("F:\fpga_last_test\xitongtiaoshi\yuyin\src\gowin_picorv32\gowin_picorv32.v":0)
Compiling module '**'("F:\fpga_last_test\xitongtiaoshi\yuyin\src\gowin_picorv32\gowin_picorv32.v":0)
Compiling module '**'("F:\fpga_last_test\xitongtiaoshi\yuyin\src\gowin_picorv32\gowin_picorv32.v":0)
Compiling module '**'("F:\fpga_last_test\xitongtiaoshi\yuyin\src\gowin_picorv32\gowin_picorv32.v":0)
Compiling module '**'("F:\fpga_last_test\xitongtiaoshi\yuyin\src\gowin_picorv32\gowin_picorv32.v":0)
Compiling module '**'("F:\fpga_last_test\xitongtiaoshi\yuyin\src\gowin_picorv32\gowin_picorv32.v":0)
Compiling module '**'("F:\fpga_last_test\xitongtiaoshi\yuyin\src\gowin_picorv32\gowin_picorv32.v":0)
Compiling module '**'("F:\fpga_last_test\xitongtiaoshi\yuyin\src\gowin_picorv32\gowin_picorv32.v":0)
Compiling module '**'("F:\fpga_last_test\xitongtiaoshi\yuyin\src\gowin_picorv32\gowin_picorv32.v":0)
Compiling module '**'("F:\fpga_last_test\xitongtiaoshi\yuyin\src\gowin_picorv32\gowin_picorv32.v":0)
Compiling module '**'("F:\fpga_last_test\xitongtiaoshi\yuyin\src\gowin_picorv32\gowin_picorv32.v":0)
Compiling module '**'("F:\fpga_last_test\xitongtiaoshi\yuyin\src\gowin_picorv32\gowin_picorv32.v":0)
Compiling module '**'("F:\fpga_last_test\xitongtiaoshi\yuyin\src\gowin_picorv32\gowin_picorv32.v":0)
Compiling module '**'("F:\fpga_last_test\xitongtiaoshi\yuyin\src\gowin_picorv32\gowin_picorv32.v":0)
Compiling module '**'("F:\fpga_last_test\xitongtiaoshi\yuyin\src\gowin_picorv32\gowin_picorv32.v":0)
Compiling module '**'("F:\fpga_last_test\xitongtiaoshi\yuyin\src\gowin_picorv32\gowin_picorv32.v":0)
Compiling module '**'("F:\fpga_last_test\xitongtiaoshi\yuyin\src\gowin_picorv32\gowin_picorv32.v":0)
Compiling module '**'("F:\fpga_last_test\xitongtiaoshi\yuyin\src\gowin_picorv32\gowin_picorv32.v":0)
Compiling module '**'("F:\fpga_last_test\xitongtiaoshi\yuyin\src\gowin_picorv32\gowin_picorv32.v":0)
Compiling module '**'("F:\fpga_last_test\xitongtiaoshi\yuyin\src\gowin_picorv32\gowin_picorv32.v":0)
Compiling module '**'("F:\fpga_last_test\xitongtiaoshi\yuyin\src\gowin_picorv32\gowin_picorv32.v":0)
Compiling module '**'("F:\fpga_last_test\xitongtiaoshi\yuyin\src\gowin_picorv32\gowin_picorv32.v":0)
Compiling module '**'("F:\fpga_last_test\xitongtiaoshi\yuyin\src\gowin_picorv32\gowin_picorv32.v":0)
Compiling module '**'("F:\fpga_last_test\xitongtiaoshi\yuyin\src\gowin_picorv32\gowin_picorv32.v":0)
Compiling module '**'("F:\fpga_last_test\xitongtiaoshi\yuyin\src\gowin_picorv32\gowin_picorv32.v":0)
Compiling module '**'("F:\fpga_last_test\xitongtiaoshi\yuyin\src\gowin_picorv32\gowin_picorv32.v":0)
Compiling module '**'("F:\fpga_last_test\xitongtiaoshi\yuyin\src\gowin_picorv32\gowin_picorv32.v":0)
Compiling module '**'("F:\fpga_last_test\xitongtiaoshi\yuyin\src\gowin_picorv32\gowin_picorv32.v":0)
Compiling module '**'("F:\fpga_last_test\xitongtiaoshi\yuyin\src\gowin_picorv32\gowin_picorv32.v":0)
Compiling module '**'("F:\fpga_last_test\xitongtiaoshi\yuyin\src\gowin_picorv32\gowin_picorv32.v":0)
Compiling module '**'("F:\fpga_last_test\xitongtiaoshi\yuyin\src\gowin_picorv32\gowin_picorv32.v":0)
Compiling module '**'("F:\fpga_last_test\xitongtiaoshi\yuyin\src\gowin_picorv32\gowin_picorv32.v":0)
Compiling module '**'("F:\fpga_last_test\xitongtiaoshi\yuyin\src\gowin_picorv32\gowin_picorv32.v":0)
Compiling module '**'("F:\fpga_last_test\xitongtiaoshi\yuyin\src\gowin_picorv32\gowin_picorv32.v":0)
Compiling module '**'("F:\fpga_last_test\xitongtiaoshi\yuyin\src\gowin_picorv32\gowin_picorv32.v":0)
Compiling module '**'("F:\fpga_last_test\xitongtiaoshi\yuyin\src\gowin_picorv32\gowin_picorv32.v":0)
Compiling module '**'("F:\fpga_last_test\xitongtiaoshi\yuyin\src\gowin_picorv32\gowin_picorv32.v":0)
Compiling module '**'("F:\fpga_last_test\xitongtiaoshi\yuyin\src\gowin_picorv32\gowin_picorv32.v":0)
Compiling module '**'("F:\fpga_last_test\xitongtiaoshi\yuyin\src\gowin_picorv32\gowin_picorv32.v":0)
Compiling module '**'("F:\fpga_last_test\xitongtiaoshi\yuyin\src\gowin_picorv32\gowin_picorv32.v":0)
Compiling module '**'("F:\fpga_last_test\xitongtiaoshi\yuyin\src\gowin_picorv32\gowin_picorv32.v":0)
Compiling module '**'("F:\fpga_last_test\xitongtiaoshi\yuyin\src\gowin_picorv32\gowin_picorv32.v":0)
Compiling module '**'("F:\fpga_last_test\xitongtiaoshi\yuyin\src\gowin_picorv32\gowin_picorv32.v":0)
Compiling module '**'("F:\fpga_last_test\xitongtiaoshi\yuyin\src\gowin_picorv32\gowin_picorv32.v":0)
Compiling module '**'("F:\fpga_last_test\xitongtiaoshi\yuyin\src\gowin_picorv32\gowin_picorv32.v":0)
Compiling module '**'("F:\fpga_last_test\xitongtiaoshi\yuyin\src\gowin_picorv32\gowin_picorv32.v":0)
Compiling module '**'("F:\fpga_last_test\xitongtiaoshi\yuyin\src\gowin_picorv32\gowin_picorv32.v":0)
Compiling module '**'("F:\fpga_last_test\xitongtiaoshi\yuyin\src\gowin_picorv32\gowin_picorv32.v":0)
Compiling module '**'("F:\fpga_last_test\xitongtiaoshi\yuyin\src\gowin_picorv32\gowin_picorv32.v":0)
Compiling module '**'("F:\fpga_last_test\xitongtiaoshi\yuyin\src\gowin_picorv32\gowin_picorv32.v":0)
Compiling module '**'("F:\fpga_last_test\xitongtiaoshi\yuyin\src\gowin_picorv32\gowin_picorv32.v":0)
Compiling module '**'("F:\fpga_last_test\xitongtiaoshi\yuyin\src\gowin_picorv32\gowin_picorv32.v":0)
Compiling module '**'("F:\fpga_last_test\xitongtiaoshi\yuyin\src\gowin_picorv32\gowin_picorv32.v":0)
Compiling module '**'("F:\fpga_last_test\xitongtiaoshi\yuyin\src\gowin_picorv32\gowin_picorv32.v":0)
Compiling module '**'("F:\fpga_last_test\xitongtiaoshi\yuyin\src\gowin_picorv32\gowin_picorv32.v":0)
Compiling module '**'("F:\fpga_last_test\xitongtiaoshi\yuyin\src\gowin_picorv32\gowin_picorv32.v":0)
Compiling module '**'("F:\fpga_last_test\xitongtiaoshi\yuyin\src\gowin_picorv32\gowin_picorv32.v":0)
Compiling module '**'("F:\fpga_last_test\xitongtiaoshi\yuyin\src\gowin_picorv32\gowin_picorv32.v":0)
Compiling module '**'("F:\fpga_last_test\xitongtiaoshi\yuyin\src\gowin_picorv32\gowin_picorv32.v":0)
Compiling module '**'("F:\fpga_last_test\xitongtiaoshi\yuyin\src\gowin_picorv32\gowin_picorv32.v":0)
Compiling module '**'("F:\fpga_last_test\xitongtiaoshi\yuyin\src\gowin_picorv32\gowin_picorv32.v":0)
Compiling module '**'("F:\fpga_last_test\xitongtiaoshi\yuyin\src\gowin_picorv32\gowin_picorv32.v":0)
Compiling module '**'("F:\fpga_last_test\xitongtiaoshi\yuyin\src\gowin_picorv32\gowin_picorv32.v":0)
Compiling module '**'("F:\fpga_last_test\xitongtiaoshi\yuyin\src\gowin_picorv32\gowin_picorv32.v":0)
Compiling module '**'("F:\fpga_last_test\xitongtiaoshi\yuyin\src\gowin_picorv32\gowin_picorv32.v":0)
Compiling module '**'("F:\fpga_last_test\xitongtiaoshi\yuyin\src\gowin_picorv32\gowin_picorv32.v":0)
Compiling module '**'("F:\fpga_last_test\xitongtiaoshi\yuyin\src\gowin_picorv32\gowin_picorv32.v":0)
Compiling module '**'("F:\fpga_last_test\xitongtiaoshi\yuyin\src\gowin_picorv32\gowin_picorv32.v":0)
Compiling module '**'("F:\fpga_last_test\xitongtiaoshi\yuyin\src\gowin_picorv32\gowin_picorv32.v":0)
Compiling module '**'("F:\fpga_last_test\xitongtiaoshi\yuyin\src\gowin_picorv32\gowin_picorv32.v":0)
Compiling module '**'("F:\fpga_last_test\xitongtiaoshi\yuyin\src\gowin_picorv32\gowin_picorv32.v":0)
Compiling module '**'("F:\fpga_last_test\xitongtiaoshi\yuyin\src\gowin_picorv32\gowin_picorv32.v":0)
Compiling module '**'("F:\fpga_last_test\xitongtiaoshi\yuyin\src\gowin_picorv32\gowin_picorv32.v":0)
Compiling module '**'("F:\fpga_last_test\xitongtiaoshi\yuyin\src\gowin_picorv32\gowin_picorv32.v":0)
Compiling module '**'("F:\fpga_last_test\xitongtiaoshi\yuyin\src\gowin_picorv32\gowin_picorv32.v":0)
Compiling module '**'("F:\fpga_last_test\xitongtiaoshi\yuyin\src\gowin_picorv32\gowin_picorv32.v":0)
Compiling module '**'("F:\fpga_last_test\xitongtiaoshi\yuyin\src\gowin_picorv32\gowin_picorv32.v":0)
Compiling module '**'("F:\fpga_last_test\xitongtiaoshi\yuyin\src\gowin_picorv32\gowin_picorv32.v":0)
Compiling module '**'("F:\fpga_last_test\xitongtiaoshi\yuyin\src\gowin_picorv32\gowin_picorv32.v":0)
Compiling module '**'("F:\fpga_last_test\xitongtiaoshi\yuyin\src\gowin_picorv32\gowin_picorv32.v":0)
Compiling module '**'("F:\fpga_last_test\xitongtiaoshi\yuyin\src\gowin_picorv32\gowin_picorv32.v":0)
Compiling module '**'("F:\fpga_last_test\xitongtiaoshi\yuyin\src\gowin_picorv32\gowin_picorv32.v":0)
Compiling module '**'("F:\fpga_last_test\xitongtiaoshi\yuyin\src\gowin_picorv32\gowin_picorv32.v":0)
Compiling module '**'("F:\fpga_last_test\xitongtiaoshi\yuyin\src\gowin_picorv32\gowin_picorv32.v":0)
Compiling module '**'("F:\fpga_last_test\xitongtiaoshi\yuyin\src\gowin_picorv32\gowin_picorv32.v":0)
Compiling module '**'("F:\fpga_last_test\xitongtiaoshi\yuyin\src\gowin_picorv32\gowin_picorv32.v":0)
Compiling module '**'("F:\fpga_last_test\xitongtiaoshi\yuyin\src\gowin_picorv32\gowin_picorv32.v":0)
Compiling module '**'("F:\fpga_last_test\xitongtiaoshi\yuyin\src\gowin_picorv32\gowin_picorv32.v":0)
Compiling module '**'("F:\fpga_last_test\xitongtiaoshi\yuyin\src\gowin_picorv32\gowin_picorv32.v":0)
Compiling module '**'("F:\fpga_last_test\xitongtiaoshi\yuyin\src\gowin_picorv32\gowin_picorv32.v":0)
Compiling module '**'("F:\fpga_last_test\xitongtiaoshi\yuyin\src\gowin_picorv32\gowin_picorv32.v":0)
Compiling module '**'("F:\fpga_last_test\xitongtiaoshi\yuyin\src\gowin_picorv32\gowin_picorv32.v":0)
Compiling module '**'("F:\fpga_last_test\xitongtiaoshi\yuyin\src\gowin_picorv32\gowin_picorv32.v":0)
WARN  (EX3670) : Actual bit length 1 differs from formal bit length 32 for port 'gpio_io'("F:\fpga_last_test\xitongtiaoshi\yuyin\src\top.v":90)
Compiling module 'yuyin'("F:\fpga_last_test\xitongtiaoshi\yuyin\src\yuyin.v":1)
Compiling module 'us015'("F:\fpga_last_test\xitongtiaoshi\yuyin\src\us015.v":1)
Compiling module 'wbrgb'("F:\fpga_last_test\xitongtiaoshi\yuyin\src\wbrgb.v":1)
Compiling module 'smbus906'("F:\fpga_last_test\xitongtiaoshi\yuyin\src\smbus906.v":1)
WARN  (EX1947) : Input port 'ser_rx' remains unconnected for this instance("F:\fpga_last_test\xitongtiaoshi\yuyin\src\top.v":116)
NOTE  (EX0101) : Current top module is "top"
WARN  (NL0001) : Sweep user defined dangling instance "u0/gpio_io_31_s31"("F:\fpga_last_test\xitongtiaoshi\yuyin\src\gowin_picorv32\gowin_picorv32.v":37333)
WARN  (NL0001) : Sweep user defined dangling instance "u0/n1278_s1"("F:\fpga_last_test\xitongtiaoshi\yuyin\src\gowin_picorv32\gowin_picorv32.v":37625)
WARN  (NL0001) : Sweep user defined dangling instance "u0/n1277_s1"("F:\fpga_last_test\xitongtiaoshi\yuyin\src\gowin_picorv32\gowin_picorv32.v":37632)
WARN  (NL0001) : Sweep user defined dangling instance "u0/n1276_s1"("F:\fpga_last_test\xitongtiaoshi\yuyin\src\gowin_picorv32\gowin_picorv32.v":37639)
WARN  (NL0001) : Sweep user defined dangling instance "u0/n1275_s1"("F:\fpga_last_test\xitongtiaoshi\yuyin\src\gowin_picorv32\gowin_picorv32.v":37646)
WARN  (NL0001) : Sweep user defined dangling instance "u0/simpleuart/n557_s0"("F:\fpga_last_test\xitongtiaoshi\yuyin\src\gowin_picorv32\gowin_picorv32.v":0)
WARN  (NL0001) : Sweep user defined dangling instance "u0/simpleuart/n558_s0"("F:\fpga_last_test\xitongtiaoshi\yuyin\src\gowin_picorv32\gowin_picorv32.v":0)
WARN  (NL0001) : Sweep user defined dangling instance "u0/simpleuart/n559_s0"("F:\fpga_last_test\xitongtiaoshi\yuyin\src\gowin_picorv32\gowin_picorv32.v":0)
WARN  (NL0001) : Sweep user defined dangling instance "u0/simpleuart/n560_s0"("F:\fpga_last_test\xitongtiaoshi\yuyin\src\gowin_picorv32\gowin_picorv32.v":0)
WARN  (NL0001) : Sweep user defined dangling instance "u0/simpleuart/n561_s0"("F:\fpga_last_test\xitongtiaoshi\yuyin\src\gowin_picorv32\gowin_picorv32.v":0)
WARN  (NL0001) : Sweep user defined dangling instance "u0/simpleuart/n562_s0"("F:\fpga_last_test\xitongtiaoshi\yuyin\src\gowin_picorv32\gowin_picorv32.v":0)
WARN  (NL0001) : Sweep user defined dangling instance "u0/simpleuart/n563_s0"("F:\fpga_last_test\xitongtiaoshi\yuyin\src\gowin_picorv32\gowin_picorv32.v":0)
WARN  (NL0001) : Sweep user defined dangling instance "u0/simpleuart/n564_s1"("F:\fpga_last_test\xitongtiaoshi\yuyin\src\gowin_picorv32\gowin_picorv32.v":0)
WARN  (NL0001) : Sweep user defined dangling instance "u0/simpleuart/n556_s1"("F:\fpga_last_test\xitongtiaoshi\yuyin\src\gowin_picorv32\gowin_picorv32.v":0)
WARN  (NL0001) : Sweep user defined dangling instance "u0/simpleuart/send_pattern_8_s1"("F:\fpga_last_test\xitongtiaoshi\yuyin\src\gowin_picorv32\gowin_picorv32.v":0)
WARN  (NL0001) : Sweep user defined dangling instance "u0/simpleuart/send_pattern_7_s1"("F:\fpga_last_test\xitongtiaoshi\yuyin\src\gowin_picorv32\gowin_picorv32.v":0)
WARN  (NL0001) : Sweep user defined dangling instance "u0/simpleuart/send_pattern_6_s1"("F:\fpga_last_test\xitongtiaoshi\yuyin\src\gowin_picorv32\gowin_picorv32.v":0)
WARN  (NL0001) : Sweep user defined dangling instance "u0/simpleuart/send_pattern_5_s1"("F:\fpga_last_test\xitongtiaoshi\yuyin\src\gowin_picorv32\gowin_picorv32.v":0)
WARN  (NL0001) : Sweep user defined dangling instance "u0/simpleuart/send_pattern_4_s1"("F:\fpga_last_test\xitongtiaoshi\yuyin\src\gowin_picorv32\gowin_picorv32.v":0)
WARN  (NL0001) : Sweep user defined dangling instance "u0/simpleuart/send_pattern_3_s1"("F:\fpga_last_test\xitongtiaoshi\yuyin\src\gowin_picorv32\gowin_picorv32.v":0)
WARN  (NL0001) : Sweep user defined dangling instance "u0/simpleuart/send_pattern_2_s1"("F:\fpga_last_test\xitongtiaoshi\yuyin\src\gowin_picorv32\gowin_picorv32.v":0)
WARN  (NL0001) : Sweep user defined dangling instance "u0/simpleuart/send_pattern_1_s1"("F:\fpga_last_test\xitongtiaoshi\yuyin\src\gowin_picorv32\gowin_picorv32.v":0)
WARN  (NL0001) : Sweep user defined dangling instance "u0/simpleuart/send_pattern_0_s1"("F:\fpga_last_test\xitongtiaoshi\yuyin\src\gowin_picorv32\gowin_picorv32.v":0)
WARN  (NL0001) : Sweep user defined dangling instance "u0/wb/wbm_sel_o_3_s0"("F:\fpga_last_test\xitongtiaoshi\yuyin\src\gowin_picorv32\gowin_picorv32.v":0)
WARN  (NL0001) : Sweep user defined dangling instance "u0/wb/wbm_sel_o_2_s0"("F:\fpga_last_test\xitongtiaoshi\yuyin\src\gowin_picorv32\gowin_picorv32.v":0)
WARN  (NL0001) : Sweep user defined dangling instance "u0/wb/wbm_sel_o_1_s0"("F:\fpga_last_test\xitongtiaoshi\yuyin\src\gowin_picorv32\gowin_picorv32.v":0)
WARN  (NL0001) : Sweep user defined dangling instance "u0/wb/wbm_sel_o_0_s0"("F:\fpga_last_test\xitongtiaoshi\yuyin\src\gowin_picorv32\gowin_picorv32.v":0)
WARN  (NL0001) : Sweep user defined dangling instance "u0/wbgpio_ins/ins0/IO_31_s3"("F:\fpga_last_test\xitongtiaoshi\yuyin\src\gowin_picorv32\gowin_picorv32.v":0)
WARN  (NL0001) : Sweep user defined dangling instance "u0/wb_intercon/slv_ext_adr_o_d_28_s0"("F:\fpga_last_test\xitongtiaoshi\yuyin\src\gowin_picorv32\gowin_picorv32.v":0)
WARN  (NL0001) : Sweep user defined dangling instance "u0/wb_intercon/slv_ext_adr_o_d_27_s0"("F:\fpga_last_test\xitongtiaoshi\yuyin\src\gowin_picorv32\gowin_picorv32.v":0)
WARN  (NL0001) : Sweep user defined dangling instance "u0/wb_intercon/slv_ext_adr_o_d_26_s0"("F:\fpga_last_test\xitongtiaoshi\yuyin\src\gowin_picorv32\gowin_picorv32.v":0)
WARN  (NL0001) : Sweep user defined dangling instance "u0/wb_intercon/slv_ext_adr_o_d_25_s0"("F:\fpga_last_test\xitongtiaoshi\yuyin\src\gowin_picorv32\gowin_picorv32.v":0)
WARN  (NL0001) : Sweep user defined dangling instance "u0/wb_intercon/slv_ext_adr_o_d_24_s0"("F:\fpga_last_test\xitongtiaoshi\yuyin\src\gowin_picorv32\gowin_picorv32.v":0)
WARN  (NL0001) : Sweep user defined dangling instance "u0/wb_intercon/slv_ext_adr_o_d_23_s0"("F:\fpga_last_test\xitongtiaoshi\yuyin\src\gowin_picorv32\gowin_picorv32.v":0)
WARN  (NL0001) : Sweep user defined dangling instance "u0/wb_intercon/slv_ext_adr_o_d_22_s0"("F:\fpga_last_test\xitongtiaoshi\yuyin\src\gowin_picorv32\gowin_picorv32.v":0)
WARN  (NL0001) : Sweep user defined dangling instance "u0/wb_intercon/slv_ext_adr_o_d_21_s0"("F:\fpga_last_test\xitongtiaoshi\yuyin\src\gowin_picorv32\gowin_picorv32.v":0)
WARN  (NL0001) : Sweep user defined dangling instance "u0/wb_intercon/slv_ext_adr_o_d_20_s0"("F:\fpga_last_test\xitongtiaoshi\yuyin\src\gowin_picorv32\gowin_picorv32.v":0)
WARN  (NL0001) : Sweep user defined dangling instance "u0/wb_intercon/slv_ext_adr_o_d_19_s0"("F:\fpga_last_test\xitongtiaoshi\yuyin\src\gowin_picorv32\gowin_picorv32.v":0)
WARN  (NL0001) : Sweep user defined dangling instance "u0/wb_intercon/slv_ext_adr_o_d_18_s0"("F:\fpga_last_test\xitongtiaoshi\yuyin\src\gowin_picorv32\gowin_picorv32.v":0)
WARN  (NL0001) : Sweep user defined dangling instance "u0/wb_intercon/slv_ext_adr_o_d_17_s0"("F:\fpga_last_test\xitongtiaoshi\yuyin\src\gowin_picorv32\gowin_picorv32.v":0)
WARN  (NL0001) : Sweep user defined dangling instance "u0/wb_intercon/slv_ext_adr_o_d_16_s0"("F:\fpga_last_test\xitongtiaoshi\yuyin\src\gowin_picorv32\gowin_picorv32.v":0)
WARN  (NL0001) : Sweep user defined dangling instance "u0/wb_intercon/slv_ext_adr_o_d_15_s0"("F:\fpga_last_test\xitongtiaoshi\yuyin\src\gowin_picorv32\gowin_picorv32.v":0)
WARN  (NL0001) : Sweep user defined dangling instance "u0/wb_intercon/slv_ext_adr_o_d_14_s0"("F:\fpga_last_test\xitongtiaoshi\yuyin\src\gowin_picorv32\gowin_picorv32.v":0)
WARN  (NL0001) : Sweep user defined dangling instance "u0/wb_intercon/slv_ext_adr_o_d_13_s0"("F:\fpga_last_test\xitongtiaoshi\yuyin\src\gowin_picorv32\gowin_picorv32.v":0)
WARN  (NL0001) : Sweep user defined dangling instance "u0/wb_intercon/slv_ext_adr_o_d_12_s0"("F:\fpga_last_test\xitongtiaoshi\yuyin\src\gowin_picorv32\gowin_picorv32.v":0)
WARN  (NL0001) : Sweep user defined dangling instance "u0/wb_intercon/slv_ext_adr_o_d_11_s0"("F:\fpga_last_test\xitongtiaoshi\yuyin\src\gowin_picorv32\gowin_picorv32.v":0)
WARN  (NL0001) : Sweep user defined dangling instance "u0/wb_intercon/slv_ext_adr_o_d_10_s0"("F:\fpga_last_test\xitongtiaoshi\yuyin\src\gowin_picorv32\gowin_picorv32.v":0)
WARN  (NL0001) : Sweep user defined dangling instance "u0/wb_intercon/slv_ext_adr_o_d_9_s0"("F:\fpga_last_test\xitongtiaoshi\yuyin\src\gowin_picorv32\gowin_picorv32.v":0)
WARN  (NL0001) : Sweep user defined dangling instance "u0/wb_intercon/slv_ext_adr_o_d_8_s0"("F:\fpga_last_test\xitongtiaoshi\yuyin\src\gowin_picorv32\gowin_picorv32.v":0)
WARN  (NL0001) : Sweep user defined dangling instance "u0/wb_intercon/slv_ext_adr_o_d_7_s0"("F:\fpga_last_test\xitongtiaoshi\yuyin\src\gowin_picorv32\gowin_picorv32.v":0)
WARN  (NL0001) : Sweep user defined dangling instance "u0/wb_intercon/slv_ext_adr_o_d_6_s0"("F:\fpga_last_test\xitongtiaoshi\yuyin\src\gowin_picorv32\gowin_picorv32.v":0)
WARN  (NL0001) : Sweep user defined dangling instance "u0/wb_intercon/slv_ext_sel_o_d_3_s0"("F:\fpga_last_test\xitongtiaoshi\yuyin\src\gowin_picorv32\gowin_picorv32.v":0)
WARN  (NL0001) : Sweep user defined dangling instance "u0/wb_intercon/slv_ext_sel_o_d_2_s0"("F:\fpga_last_test\xitongtiaoshi\yuyin\src\gowin_picorv32\gowin_picorv32.v":0)
WARN  (NL0001) : Sweep user defined dangling instance "u0/wb_intercon/slv_ext_sel_o_d_1_s0"("F:\fpga_last_test\xitongtiaoshi\yuyin\src\gowin_picorv32\gowin_picorv32.v":0)
WARN  (NL0001) : Sweep user defined dangling instance "u0/wb_intercon/slv_ext_sel_o_d_0_s0"("F:\fpga_last_test\xitongtiaoshi\yuyin\src\gowin_picorv32\gowin_picorv32.v":0)
[5%] Running netlist conversion ...
Running device independent optimization ...
WARN  (NL0001) : Sweep user defined dangling instance "u0/gpio_io_31_iobuf_41"("F:\fpga_last_test\xitongtiaoshi\yuyin\src\gowin_picorv32\gowin_picorv32.v":37154)
WARN  (NL0001) : Sweep user defined dangling instance "u0/gpio_io_31_iobuf_42"("F:\fpga_last_test\xitongtiaoshi\yuyin\src\gowin_picorv32\gowin_picorv32.v":37160)
WARN  (NL0001) : Sweep user defined dangling instance "u0/gpio_io_31_iobuf_43"("F:\fpga_last_test\xitongtiaoshi\yuyin\src\gowin_picorv32\gowin_picorv32.v":37166)
WARN  (NL0001) : Sweep user defined dangling instance "u0/gpio_io_31_iobuf_44"("F:\fpga_last_test\xitongtiaoshi\yuyin\src\gowin_picorv32\gowin_picorv32.v":37172)
WARN  (NL0001) : Sweep user defined dangling instance "u0/gpio_io_31_iobuf_45"("F:\fpga_last_test\xitongtiaoshi\yuyin\src\gowin_picorv32\gowin_picorv32.v":37178)
WARN  (NL0001) : Sweep user defined dangling instance "u0/gpio_io_31_iobuf_46"("F:\fpga_last_test\xitongtiaoshi\yuyin\src\gowin_picorv32\gowin_picorv32.v":37184)
WARN  (NL0001) : Sweep user defined dangling instance "u0/gpio_io_31_iobuf_47"("F:\fpga_last_test\xitongtiaoshi\yuyin\src\gowin_picorv32\gowin_picorv32.v":37190)
WARN  (NL0001) : Sweep user defined dangling instance "u0/gpio_io_31_iobuf_48"("F:\fpga_last_test\xitongtiaoshi\yuyin\src\gowin_picorv32\gowin_picorv32.v":37196)
WARN  (NL0001) : Sweep user defined dangling instance "u0/gpio_io_31_iobuf_49"("F:\fpga_last_test\xitongtiaoshi\yuyin\src\gowin_picorv32\gowin_picorv32.v":37202)
WARN  (NL0001) : Sweep user defined dangling instance "u0/gpio_io_31_iobuf_50"("F:\fpga_last_test\xitongtiaoshi\yuyin\src\gowin_picorv32\gowin_picorv32.v":37208)
WARN  (NL0001) : Sweep user defined dangling instance "u0/gpio_io_31_iobuf_51"("F:\fpga_last_test\xitongtiaoshi\yuyin\src\gowin_picorv32\gowin_picorv32.v":37214)
WARN  (NL0001) : Sweep user defined dangling instance "u0/gpio_io_31_iobuf_52"("F:\fpga_last_test\xitongtiaoshi\yuyin\src\gowin_picorv32\gowin_picorv32.v":37220)
WARN  (NL0001) : Sweep user defined dangling instance "u0/gpio_io_31_iobuf_53"("F:\fpga_last_test\xitongtiaoshi\yuyin\src\gowin_picorv32\gowin_picorv32.v":37226)
WARN  (NL0001) : Sweep user defined dangling instance "u0/gpio_io_31_iobuf_54"("F:\fpga_last_test\xitongtiaoshi\yuyin\src\gowin_picorv32\gowin_picorv32.v":37232)
WARN  (NL0001) : Sweep user defined dangling instance "u0/gpio_io_31_iobuf_55"("F:\fpga_last_test\xitongtiaoshi\yuyin\src\gowin_picorv32\gowin_picorv32.v":37238)
WARN  (NL0001) : Sweep user defined dangling instance "u0/gpio_io_31_iobuf_56"("F:\fpga_last_test\xitongtiaoshi\yuyin\src\gowin_picorv32\gowin_picorv32.v":37244)
WARN  (NL0001) : Sweep user defined dangling instance "u0/gpio_io_31_iobuf_57"("F:\fpga_last_test\xitongtiaoshi\yuyin\src\gowin_picorv32\gowin_picorv32.v":37250)
WARN  (NL0001) : Sweep user defined dangling instance "u0/gpio_io_31_iobuf_58"("F:\fpga_last_test\xitongtiaoshi\yuyin\src\gowin_picorv32\gowin_picorv32.v":37256)
WARN  (NL0001) : Sweep user defined dangling instance "u0/gpio_io_31_iobuf_59"("F:\fpga_last_test\xitongtiaoshi\yuyin\src\gowin_picorv32\gowin_picorv32.v":37262)
WARN  (NL0001) : Sweep user defined dangling instance "u0/gpio_io_31_iobuf_60"("F:\fpga_last_test\xitongtiaoshi\yuyin\src\gowin_picorv32\gowin_picorv32.v":37268)
WARN  (NL0001) : Sweep user defined dangling instance "u0/gpio_io_31_iobuf_61"("F:\fpga_last_test\xitongtiaoshi\yuyin\src\gowin_picorv32\gowin_picorv32.v":37274)
WARN  (NL0001) : Sweep user defined dangling instance "u0/gpio_io_31_iobuf_62"("F:\fpga_last_test\xitongtiaoshi\yuyin\src\gowin_picorv32\gowin_picorv32.v":37280)
WARN  (NL0001) : Sweep user defined dangling instance "u0/gpio_io_31_iobuf_63"("F:\fpga_last_test\xitongtiaoshi\yuyin\src\gowin_picorv32\gowin_picorv32.v":37286)
WARN  (NL0001) : Sweep user defined dangling instance "u0/gpio_io_31_iobuf_64"("F:\fpga_last_test\xitongtiaoshi\yuyin\src\gowin_picorv32\gowin_picorv32.v":37292)
WARN  (NL0001) : Sweep user defined dangling instance "u0/gpio_io_31_iobuf_65"("F:\fpga_last_test\xitongtiaoshi\yuyin\src\gowin_picorv32\gowin_picorv32.v":37298)
WARN  (NL0001) : Sweep user defined dangling instance "u0/gpio_io_31_iobuf_66"("F:\fpga_last_test\xitongtiaoshi\yuyin\src\gowin_picorv32\gowin_picorv32.v":37304)
WARN  (NL0001) : Sweep user defined dangling instance "u0/gpio_io_31_iobuf_67"("F:\fpga_last_test\xitongtiaoshi\yuyin\src\gowin_picorv32\gowin_picorv32.v":37310)
WARN  (NL0001) : Sweep user defined dangling instance "u0/gpio_io_31_iobuf_68"("F:\fpga_last_test\xitongtiaoshi\yuyin\src\gowin_picorv32\gowin_picorv32.v":37316)
WARN  (NL0001) : Sweep user defined dangling instance "u0/gpio_io_31_iobuf_69"("F:\fpga_last_test\xitongtiaoshi\yuyin\src\gowin_picorv32\gowin_picorv32.v":37322)
WARN  (NL0001) : Sweep user defined dangling instance "u0/gpio_io_31_iobuf_70"("F:\fpga_last_test\xitongtiaoshi\yuyin\src\gowin_picorv32\gowin_picorv32.v":37328)
[10%] Optimizing Phase 0 completed
[15%] Optimizing Phase 1 completed
[25%] Optimizing Phase 2 completed
Running inference ...
[30%] Inferring Phase 0 completed
[40%] Inferring Phase 1 completed
[50%] Inferring Phase 2 completed
[55%] Inferring Phase 3 completed
Running technical mapping ...
[60%] Tech-Mapping Phase 0 completed
[65%] Tech-Mapping Phase 1 completed
[75%] Tech-Mapping Phase 2 completed
[80%] Tech-Mapping Phase 3 completed
[90%] Tech-Mapping Phase 4 completed
[95%] Generate netlist file "F:\fpga_last_test\xitongtiaoshi\yuyin\impl\gwsynthesis\yuyin.vg" completed
[100%] Generate report file "F:\fpga_last_test\xitongtiaoshi\yuyin\impl\gwsynthesis\yuyin_syn.rpt.html" completed
GowinSynthesis finish
